<?xml version="1.0" encoding="UTF-8"?>
<!-- Generated by org.testng.reporters.JUnitReportReporter -->
<testsuite hostname="Lab-637618503249394936-1" failures="0" tests="12" name="com.mindtree.runner.Runner" time="249.749" errors="0" timestamp="2021-09-28T00:43:06 IST" skipped="0">
  <testcase classname="com.mindtree.runner.Runner" name="signrun" time="23.785"/>
  <system-out/>
  <testcase classname="com.mindtree.runner.Runner" name="LoginRun" time="38.852"/>
  <system-out/>
  <testcase classname="com.mindtree.runner.Runner" name="testSearchTitle" time="7.404"/>
  <system-out/>
  <testcase classname="com.mindtree.runner.Runner" name="testSearchTitle" time="12.641"/>
  <system-out/>
  <testcase classname="com.mindtree.runner.Runner" name="testSearchTitle" time="11.801"/>
  <system-out/>
  <testcase classname="com.mindtree.runner.Runner" name="ProfileVer" time="35.979"/>
  <system-out/>
  <testcase classname="com.mindtree.runner.Runner" name="HelpBtn" time="10.287"/>
  <system-out/>
  <testcase classname="com.mindtree.runner.Runner" name="StoreVer" time="13.292"/>
  <system-out/>
  <testcase classname="com.mindtree.runner.Runner" name="Trackorder" time="15.559"/>
  <system-out/>
  <testcase classname="com.mindtree.runner.Runner" name="Subscribe" time="11.348"/>
  <system-out/>
  <testcase classname="com.mindtree.runner.Runner" name="GiftCard" time="18.196"/>
  <system-out/>
  <testcase classname="com.mindtree.runner.Runner" name="LogOutRun" time="50.605"/>
  <system-out/>
</testsuite> <!-- com.mindtree.runner.Runner -->
